500
7
2
ejj-h 4
g-h 4
8
1
h-i 4
499
225
bac-ejj 4
dba-ejj 4
bic-ejj 4
i-ejj 4
he-ejj 4
ccg-ejj 4
cdg-ejj 4
bgg-ejj 4
bha-ejj 4
ca-ejj 4
ejc-ejj 4
bee-ejj 4
cdi-ejj 4
cjg-ejj 4
ha-ejj 4
bec-ejj 4
eag-ejj 4
ge-ejj 4
bc-ejj 4
dfg-ejj 4
bcg-ejj 4
cjc-ejj 4
hi-ejj 4
eii-ejj 4
ege-ejj 4
chg-ejj 4
je-ejj 4
dg-ejj 4
gi-ejj 4
bda-ejj 4
bbc-ejj 4
bie-ejj 4
ig-ejj 4
edi-ejj 4
cea-ejj 4
bi-ejj 4
bag-ejj 4
bbg-ejj 4
dhe-ejj 4
bgi-ejj 4
egg-ejj 4
ee-ejj 4
dde-ejj 4
ba-ejj 4
efi-ejj 4
eeg-ejj 4
cia-ejj 4
bde-ejj 4
dja-ejj 4
ji-ejj 4
eac-ejj 4
bae-ejj 4
efc-ejj 4
dii-ejj 4
ede-ejj 4
eia-ejj 4
dac-ejj 4
dce-ejj 4
ehe-ejj 4
cgi-ejj 4
cei-ejj 4
eai-ejj 4
ja-ejj 4
cbg-ejj 4
bhc-ejj 4
cja-ejj 4
eha-ejj 4
egi-ejj 4
bii-ejj 4
eea-ejj 4
dai-ejj 4
dc-ejj 4
e-ejj 4
ceg-ejj 4
hc-ejj 4
dhi-ejj 4
be-ejj 4
ecc-ejj 4
cic-ejj 4
bdc-ejj 4
dda-ejj 4
eg-ejj 4
dge-ejj 4
cae-ejj 4
bei-ejj 4
dee-ejj 4
cfa-ejj 4
dea-ejj 4
dca-ejj 4
cde-ejj 4
bdg-ejj 4
cci-ejj 4
caa-ejj 4
ejg-ejj 4
fc-ejj 4
dag-ejj 4
ehi-ejj 4
eda-ejj 4
big-ejj 4
dia-ejj 4
dhg-ejj 4
ebg-ejj 4
cgg-ejj 4
cfi-ejj 4
dha-ejj 4
dhc-ejj 4
cee-ejj 4
eji-ejj 4
efa-ejj 4
cie-ejj 4
eie-ejj 4
chc-ejj 4
che-ejj 4
die-ejj 4
cje-ejj 4
efe-ejj 4
fi-ejj 4
dji-ejj 4
cc-ejj 4
dbg-ejj 4
ec-ejj 4
bgc-ejj 4
dei-ejj 4
cge-ejj 4
cii-ejj 4
eei-ejj 4
daa-ejj 4
bga-ejj 4
dfi-ejj 4
eig-ejj 4
fe-ejj 4
cfg-ejj 4
ci-ejj 4
bje-ejj 4
eic-ejj 4
eje-ejj 4
bba-ejj 4
dcc-ejj 4
ddi-ejj 4
jc-ejj 4
edg-ejj 4
ddc-ejj 4
bfa-ejj 4
ddg-ejj 4
bai-ejj 4
bfi-ejj 4
a-ejj 4
dec-ejj 4
ce-ejj 4
fg-ejj 4
bja-ejj 4
edc-ejj 4
gg-ejj 4
ia-ejj 4
cbc-ejj 4
dci-ejj 4
eja-ejj 4
hg-ejj 4
dfc-ejj 4
cg-ejj 4
bhg-ejj 4
egc-ejj 4
bhe-ejj 4
ic-ejj 4
dae-ejj 4
dcg-ejj 4
djg-ejj 4
ebe-ejj 4
baa-ejj 4
bea-ejj 4
eci-ejj 4
ehg-ejj 4
eca-ejj 4
ece-ejj 4
bia-ejj 4
ie-ejj 4
cca-ejj 4
cha-ejj 4
ga-ejj 4
bbe-ejj 4
bjg-ejj 4
cce-ejj 4
bge-ejj 4
cda-ejj 4
cbe-ejj 4
deg-ejj 4
chi-ejj 4
dga-ejj 4
eae-ejj 4
cji-ejj 4
cac-ejj 4
ccc-ejj 4
eec-ejj 4
eaa-ejj 4
cig-ejj 4
bfc-ejj 4
fa-ejj 4
dje-ejj 4
dic-ejj 4
bcc-ejj 4
bdi-ejj 4
dgi-ejj 4
gc-ejj 4
bhi-ejj 4
bjc-ejj 4
eee-ejj 4
g-ejj 4
djc-ejj 4
cfc-ejj 4
de-ejj 4
eba-ejj 4
ehc-ejj 4
bfe-ejj 4
beg-ejj 4
jg-ejj 4
bfg-ejj 4
di-ejj 4
ebc-ejj 4
ecg-ejj 4
dig-ejj 4
ebi-ejj 4
cgc-ejj 4
cdc-ejj 4
bci-ejj 4
cec-ejj 4
23
2
ejj-cd 4
cc-cd 4
24
1
cd-ce 4
25
2
ejj-cf 4
ce-cf 4
26
1
cf-cg 4
27
2
ejj-ch 4
cg-ch 4
369
2
ejj-dgj 4
dgi-dgj 4
370
1
dgj-dha 4
371
2
dha-dhb 4
ejj-dhb 4
372
1
dhb-dhc 4
373
2
dhc-dhd 4
ejj-dhd 4
374
1
dhd-dhe 4
375
2
dhe-dhf 4
ejj-dhf 4
376
1
dhf-dhg 4
377
2
ejj-dhh 4
dhg-dhh 4
488
1
eih-eii 4
489
2
ejj-eij 4
eii-eij 4
490
1
eij-eja 4
51
2
fa-fb 4
ejj-fb 4
11
2
ejj-bb 4
ba-bb 4
12
1
bb-bc 4
13
2
bc-bd 4
ejj-bd 4
75
2
he-hf 4
ejj-hf 4
76
1
hf-hg 4
77
2
hg-hh 4
ejj-hh 4
78
1
hh-hi 4
457
2
efg-efh 4
ejj-efh 4
458
1
efh-efi 4
189
2
ejj-bij 4
bii-bij 4
190
1
bij-bja 4
191
2
bja-bjb 4
ejj-bjb 4
192
1
bjb-bjc 4
193
2
ejj-bjd 4
bjc-bjd 4
194
1
bjd-bje 4
195
2
bje-bjf 4
ejj-bjf 4
196
1
bjf-bjg 4
197
2
bjg-bjh 4
ejj-bjh 4
198
1
bjh-bji 4
71
2
ha-hb 4
ejj-hb 4
72
1
hb-hc 4
73
2
ejj-hd 4
hc-hd 4
74
1
hd-he 4
145
2
ejj-bef 4
bee-bef 4
146
1
bef-beg 4
147
2
beg-beh 4
ejj-beh 4
365
2
ejj-dgf 4
dge-dgf 4
366
1
dgf-dgg 4
367
2
dgg-dgh 4
ejj-dgh 4
368
1
dgh-dgi 4
378
1
dhh-dhi 4
379
2
dhi-dhj 4
ejj-dhj 4
380
1
dhj-dia 4
381
2
dia-dib 4
ejj-dib 4
259
2
ejj-cfj 4
cfi-cfj 4
260
1
cfj-cga 4
261
2
ejj-cgb 4
cga-cgb 4
262
1
cgb-cgc 4
263
2
ejj-cgd 4
cgc-cgd 4
347
2
deg-deh 4
ejj-deh 4
348
1
deh-dei 4
349
2
ejj-dej 4
dei-dej 4
350
1
dej-dfa 4
351
1
dfa-dfb 4
352
1
dfb-dfc 4
435
2
ejj-edf 4
ede-edf 4
436
1
edf-edg 4
460
1
efj-ega 4
461
2
ejj-egb 4
ega-egb 4
462
1
egb-egc 4
463
2
egc-egd 4
ejj-egd 4
464
1
egd-ege 4
387
2
dig-dih 4
ejj-dih 4
388
1
dih-dii 4
389
2
dii-dij 4
ejj-dij 4
390
1
dij-dja 4
420
1
ebj-eca 4
421
2
eca-ecb 4
ejj-ecb 4
422
1
ecb-ecc 4
217
2
cbg-cbh 4
ejj-cbh 4
218
1
cbh-cbi 4
219
2
cbi-cbj 4
ejj-cbj 4
220
1
cbj-cca 4
221
2
cca-ccb 4
ejj-ccb 4
281
2
cia-cib 4
ejj-cib 4
282
1
cib-cic 4
163
2
ejj-bgd 4
bgc-bgd 4
164
1
bgd-bge 4
275
2
che-chf 4
ejj-chf 4
276
1
chf-chg 4
121
2
ejj-bcb 4
bca-bcb 4
122
1
bcb-bcc 4
123
2
ejj-bcd 4
bcc-bcd 4
131
2
bda-bdb 4
ejj-bdb 4
132
1
bdb-bdc 4
31
2
da-db 4
ejj-db 4
32
1
db-dc 4
33
2
ejj-dd 4
dc-dd 4
34
1
dd-de 4
35
2
ejj-df 4
de-df 4
36
1
df-dg 4
37
2
ejj-dh 4
dg-dh 4
151
2
bfa-bfb 4
ejj-bfb 4
152
1
bfb-bfc 4
153
2
bfc-bfd 4
ejj-bfd 4
40
1
dj-ea 4
41
2
ea-eb 4
ejj-eb 4
42
1
eb-ec 4
43
2
ec-ed 4
ejj-ed 4
44
1
ed-ee 4
45
2
ee-ef 4
ejj-ef 4
46
1
ef-eg 4
155
2
ejj-bff 4
bfe-bff 4
233
2
ejj-cdd 4
cdc-cdd 4
234
1
cdd-cde 4
235
2
cde-cdf 4
ejj-cdf 4
236
1
cdf-cdg 4
237
2
cdg-cdh 4
ejj-cdh 4
238
1
cdh-cdi 4
239
2
ejj-cdj 4
cdi-cdj 4
240
1
cdj-cea 4
241
2
cea-ceb 4
ejj-ceb 4
137
2
ejj-bdh 4
bdg-bdh 4
138
1
bdh-bdi 4
139
2
bdi-bdj 4
ejj-bdj 4
140
1
bdj-bea 4
141
2
ejj-beb 4
bea-beb 4
142
1
beb-bec 4
143
2
ejj-bed 4
bec-bed 4
144
1
bed-bee 4
148
1
beh-bei 4
455
2
ejj-eff 4
efe-eff 4
456
1
eff-efg 4
459
2
efi-efj 4
ejj-efj 4
385
2
ejj-dif 4
die-dif 4
386
1
dif-dig 4
391
2
ejj-djb 4
dja-djb 4
392
1
djb-djc 4
475
2
ejj-ehf 4
ehe-ehf 4
476
1
ehf-ehg 4
477
2
ehg-ehh 4
ejj-ehh 4
478
1
ehh-ehi 4
129
2
ejj-bcj 4
bci-bcj 4
130
1
bcj-bda 4
133
2
bdc-bdd 4
ejj-bdd 4
134
1
bdd-bde 4
135
2
ejj-bdf 4
bde-bdf 4
136
1
bdf-bdg 4
343
2
dec-ded 4
ejj-ded 4
344
1
ded-dee 4
39
2
di-dj 4
ejj-dj 4
55
2
fe-ff 4
ejj-ff 4
56
1
ff-fg 4
247
2
ceg-ceh 4
ejj-ceh 4
248
1
ceh-cei 4
249
1
cei-cej 4
250
1
cej-cfa 4
291
2
ejj-cjb 4
cja-cjb 4
292
1
cjb-cjc 4
293
2
cjc-cjd 4
ejj-cjd 4
294
1
cjd-cje 4
295
2
cje-cjf 4
ejj-cjf 4
176
1
bhf-bhg 4
149
2
ejj-bej 4
bei-bej 4
150
1
bej-bfa 4
154
1
bfd-bfe 4
346
1
def-deg 4
229
2
ejj-ccj 4
cci-ccj 4
230
1
ccj-cda 4
157
2
ejj-bfh 4
bfg-bfh 4
158
1
bfh-bfi 4
159
2
bfi-bfj 4
ejj-bfj 4
160
1
bfj-bga 4
305
2
dae-daf 4
ejj-daf 4
306
1
daf-dag 4
307
2
dag-dah 4
ejj-dah 4
308
1
dah-dai 4
319
2
dbi-dbj 4
ejj-dbj 4
320
1
dbj-dca 4
167
2
ejj-bgh 4
bgg-bgh 4
168
1
bgh-bgi 4
169
2
bgi-bgj 4
ejj-bgj 4
3
2
c-d 4
ejj-d 4
4
1
d-e 4
5
2
ejj-f 4
e-f 4
6
1
f-g 4
383
2
ejj-did 4
dic-did 4
384
1
did-die 4
172
1
bhb-bhc 4
173
2
bhc-bhd 4
ejj-bhd 4
174
1
bhd-bhe 4
156
1
bff-bfg 4
69
2
ejj-gj 4
gi-gj 4
70
1
gj-ha 4
361
2
ejj-dgb 4
dga-dgb 4
362
1
dgb-dgc 4
468
1
egh-egi 4
469
2
egi-egj 4
ejj-egj 4
470
1
egj-eha 4
471
2
eha-ehb 4
ejj-ehb 4
472
1
ehb-ehc 4
473
2
ehc-ehd 4
ejj-ehd 4
474
1
ehd-ehe 4
205
2
ejj-caf 4
cae-caf 4
206
1
caf-cag 4
207
2
cag-cah 4
ejj-cah 4
208
1
cah-cai 4
209
2
cai-caj 4
ejj-caj 4
210
1
caj-cba 4
211
2
ejj-cbb 4
cba-cbb 4
110
1
baj-bba 4
111
2
bba-bbb 4
ejj-bbb 4
112
1
bbb-bbc 4
491
2
ejj-ejb 4
eja-ejb 4
492
1
ejb-ejc 4
493
2
ejj-ejd 4
ejc-ejd 4
165
2
bge-bgf 4
ejj-bgf 4
166
1
bgf-bgg 4
264
1
cgd-cge 4
265
2
ejj-cgf 4
cge-cgf 4
358
1
dfh-dfi 4
359
2
dfi-dfj 4
ejj-dfj 4
360
1
dfj-dga 4
184
1
bid-bie 4
38
1
dh-di 4
81
2
ia-ib 4
ejj-ib 4
82
1
ib-ic 4
255
2
ejj-cff 4
cfe-cff 4
256
1
cff-cfg 4
257
2
cfg-cfh 4
ejj-cfh 4
258
1
cfh-cfi 4
322
1
dcb-dcc 4
323
2
dcc-dcd 4
ejj-dcd 4
324
1
dcd-dce 4
108
1
bah-bai 4
109
2
bai-baj 4
ejj-baj 4
61
2
ejj-gb 4
ga-gb 4
62
1
gb-gc 4
63
2
gc-gd 4
ejj-gd 4
64
1
gd-ge 4
65
2
ge-gf 4
ejj-gf 4
66
1
gf-gg 4
67
2
gg-gh 4
ejj-gh 4
331
2
dda-ddb 4
ejj-ddb 4
332
1
ddb-ddc 4
304
1
dad-dae 4
161
1
bga-bgb 4
162
1
bgb-bgc 4
79
2
ejj-hj 4
hi-hj 4
80
1
hj-ia 4
83
2
ic-id 4
ejj-id 4
84
1
id-ie 4
85
2
ejj-if 4
ie-if 4
86
1
if-ig 4
87
2
ejj-ih 4
ig-ih 4
200
1
bjj-caa 4
271
2
cha-chb 4
ejj-chb 4
272
1
chb-chc 4
273
2
ejj-chd 4
chc-chd 4
437
2
edg-edh 4
ejj-edh 4
438
1
edh-edi 4
181
2
ejj-bib 4
bia-bib 4
182
1
bib-bic 4
345
2
dee-def 4
ejj-def 4
494
1
ejd-eje 4
495
2
ejj-ejf 4
eje-ejf 4
496
1
ejf-ejg 4
325
2
ejj-dcf 4
dce-dcf 4
326
1
dcf-dcg 4
88
1
ih-ii 4
89
2
ejj-ij 4
ii-ij 4
393
2
djc-djd 4
ejj-djd 4
394
1
djd-dje 4
395
1
dje-djf 4
396
1
djf-djg 4
266
1
cgf-cgg 4
267
2
cgg-cgh 4
ejj-cgh 4
15
2
be-bf 4
ejj-bf 4
16
1
bf-bg 4
17
2
ejj-bh 4
bg-bh 4
18
1
bh-bi 4
327
2
ejj-dch 4
dcg-dch 4
328
1
dch-dci 4
329
2
dci-dcj 4
ejj-dcj 4
330
1
dcj-dda 4
333
2
ddc-ddd 4
ejj-ddd 4
334
1
ddd-dde 4
335
2
ejj-ddf 4
dde-ddf 4
336
1
ddf-ddg 4
412
1
ebb-ebc 4
413
2
ebc-ebd 4
ejj-ebd 4
414
1
ebd-ebe 4
124
1
bcd-bce 4
125
2
ejj-bcf 4
bce-bcf 4
315
2
ejj-dbf 4
dbe-dbf 4
316
1
dbf-dbg 4
317
2
dbg-dbh 4
ejj-dbh 4
318
1
dbh-dbi 4
14
1
bd-be 4
185
2
ejj-bif 4
bie-bif 4
186
1
bif-big 4
279
2
ejj-chj 4
chi-chj 4
280
1
chj-cia 4
283
2
cic-cid 4
ejj-cid 4
284
1
cid-cie 4
285
2
ejj-cif 4
cie-cif 4
213
2
cbc-cbd 4
ejj-cbd 4
214
1
cbd-cbe 4
215
2
ejj-cbf 4
cbe-cbf 4
216
1
cbf-cbg 4
321
2
ejj-dcb 4
dca-dcb 4
19
2
bi-bj 4
ejj-bj 4
99
2
ji-jj 4
ejj-jj 4
100
1
jj-baa 4
29
2
ejj-cj 4
ci-cj 4
30
1
cj-da 4
203
2
cac-cad 4
ejj-cad 4
204
1
cad-cae 4
409
2
ejj-eaj 4
eai-eaj 4
410
1
eaj-eba 4
113
2
bbc-bbd 4
ejj-bbd 4
114
1
bbd-bbe 4
115
2
bbe-bbf 4
ejj-bbf 4
116
1
bbf-bbg 4
423
2
ecc-ecd 4
ejj-ecd 4
424
1
ecd-ece 4
425
2
ejj-ecf 4
ece-ecf 4
49
2
ei-ej 4
ejj-ej 4
50
1
ej-fa 4
411
2
eba-ebb 4
ejj-ebb 4
179
2
bhi-bhj 4
ejj-bhj 4
180
1
bhj-bia 4
1
2
a-b 4
ejj-b 4
2
1
b-c 4
415
2
ebe-ebf 4
ejj-ebf 4
416
1
ebf-ebg 4
400
1
djj-eaa 4
401
2
eaa-eab 4
ejj-eab 4
402
1
eab-eac 4
403
2
ejj-ead 4
eac-ead 4
404
1
ead-eae 4
405
2
ejj-eaf 4
eae-eaf 4
406
1
eaf-eag 4
407
2
eag-eah 4
ejj-eah 4
408
1
eah-eai 4
242
1
ceb-cec 4
357
2
ejj-dfh 4
dfg-dfh 4
363
2
dgc-dgd 4
ejj-dgd 4
427
2
ecg-ech 4
ejj-ech 4
428
1
ech-eci 4
268
1
cgh-cgi 4
433
2
ejj-edd 4
edc-edd 4
434
1
edd-ede 4
224
1
ccd-cce 4
225
2
ejj-ccf 4
cce-ccf 4
226
1
ccf-ccg 4
227
2
ccg-cch 4
ejj-cch 4
228
1
cch-cci 4
231
2
ejj-cdb 4
cda-cdb 4
20
1
bj-ca 4
417
2
ebg-ebh 4
ejj-ebh 4
418
1
ebh-ebi 4
419
2
ebi-ebj 4
ejj-ebj 4
303
2
dac-dad 4
ejj-dad 4
309
2
dai-daj 4
ejj-daj 4
310
1
daj-dba 4
311
2
ejj-dbb 4
dba-dbb 4
382
1
dib-dic 4
337
2
ejj-ddh 4
ddg-ddh 4
465
2
ejj-egf 4
ege-egf 4
9
2
i-j 4
ejj-j 4
10
1
j-ba 4
245
2
ejj-cef 4
cee-cef 4
246
1
cef-ceg 4
429
2
ejj-ecj 4
eci-ecj 4
430
1
ecj-eda 4
431
2
ejj-edb 4
eda-edb 4
432
1
edb-edc 4
439
2
ejj-edj 4
edi-edj 4
59
2
fi-fj 4
ejj-fj 4
60
1
fj-ga 4
299
2
ejj-cjj 4
cji-cjj 4
300
1
cjj-daa 4
232
1
cdb-cdc 4
28
1
ch-ci 4
103
2
ejj-bad 4
bac-bad 4
104
1
bad-bae 4
105
2
bae-baf 4
ejj-baf 4
106
1
baf-bag 4
107
2
ejj-bah 4
bag-bah 4
453
2
ejj-efd 4
efc-efd 4
498
1
ejh-eji 4
21
2
ca-cb 4
ejj-cb 4
177
2
ejj-bhh 4
bhg-bhh 4
178
1
bhh-bhi 4
183
2
ejj-bid 4
bic-bid 4
101
2
ejj-bab 4
baa-bab 4
102
1
bab-bac 4
481
2
eia-eib 4
ejj-eib 4
482
1
eib-eic 4
483
2
eic-eid 4
ejj-eid 4
484
1
eid-eie 4
243
2
cec-ced 4
ejj-ced 4
244
1
ced-cee 4
270
1
cgj-cha 4
364
1
dgd-dge 4
269
1
cgi-cgj 4
98
1
jh-ji 4
57
2
ejj-fh 4
fg-fh 4
68
1
gh-gi 4
58
1
fh-fi 4
274
1
chd-che 4
338
1
ddh-ddi 4
339
2
ddi-ddj 4
ejj-ddj 4
251
2
cfa-cfb 4
ejj-cfb 4
52
1
fb-fc 4
97
2
ejj-jh 4
jg-jh 4
93
2
jc-jd 4
ejj-jd 4
94
1
jd-je 4
95
2
je-jf 4
ejj-jf 4
96
1
jf-jg 4
187
2
ejj-bih 4
big-bih 4
188
1
bih-bii 4
53
1
fc-fd 4
479
2
ejj-ehj 4
ehi-ehj 4
480
1
ehj-eia 4
440
1
edj-eea 4
441
2
ejj-eeb 4
eea-eeb 4
442
1
eeb-eec 4
454
1
efd-efe 4
443
2
ejj-eed 4
eec-eed 4
91
2
ejj-jb 4
ja-jb 4
92
1
jb-jc 4
277
2
chg-chh 4
ejj-chh 4
278
1
chh-chi 4
175
2
bhe-bhf 4
ejj-bhf 4
447
2
ejj-eeh 4
eeg-eeh 4
448
1
eeh-eei 4
253
2
ejj-cfd 4
cfc-cfd 4
254
1
cfd-cfe 4
90
1
ij-ja 4
444
1
eed-eee 4
445
2
eee-eef 4
ejj-eef 4
446
1
eef-eeg 4
340
1
ddj-dea 4
341
2
ejj-deb 4
dea-deb 4
342
1
deb-dec 4
286
1
cif-cig 4
287
2
cig-cih 4
ejj-cih 4
288
1
cih-cii 4
289
1
cii-cij 4
290
1
cij-cja 4
22
1
cb-cc 4
199
2
ejj-bjj 4
bji-bjj 4
201
2
caa-cab 4
ejj-cab 4
397
2
djg-djh 4
ejj-djh 4
398
1
djh-dji 4
223
2
ccc-ccd 4
ejj-ccd 4
312
1
dbb-dbc 4
313
2
dbc-dbd 4
ejj-dbd 4
314
1
dbd-dbe 4
452
1
efb-efc 4
426
1
ecf-ecg 4
399
2
ejj-djj 4
dji-djj 4
497
2
ejj-ejh 4
ejg-ejh 4
0
1
eji-a 4
355
2
dfe-dff 4
ejj-dff 4
356
1
dff-dfg 4
301
2
daa-dab 4
ejj-dab 4
302
1
dab-dac 4
170
1
bgj-bha 4
117
2
ejj-bbh 4
bbg-bbh 4
118
1
bbh-bbi 4
119
2
ejj-bbj 4
bbi-bbj 4
120
1
bbj-bca 4
296
1
cjf-cjg 4
297
2
cjg-cjh 4
ejj-cjh 4
298
1
cjh-cji 4
127
2
ejj-bch 4
bcg-bch 4
128
1
bch-bci 4
449
1
eei-eej 4
450
1
eej-efa 4
451
2
efa-efb 4
ejj-efb 4
202
1
cab-cac 4
485
2
eie-eif 4
ejj-eif 4
222
1
ccb-ccc 4
466
1
egf-egg 4
467
2
ejj-egh 4
egg-egh 4
486
1
eif-eig 4
487
1
eig-eih 4
212
1
cbb-cbc 4
47
2
ejj-eh 4
eg-eh 4
48
1
eh-ei 4
54
1
fd-fe 4
171
2
bha-bhb 4
ejj-bhb 4
126
1
bcf-bcg 4
353
2
dfc-dfd 4
ejj-dfd 4
354
1
dfd-dfe 4
252
1
cfb-cfc 4
